<?xml version="1.0" encoding="UTF-8"?>
<testsuite xmlns:xsi="http://www.w3.org/2001/XMLSchema-instance" xsi:noNamespaceSchemaLocation="https://maven.apache.org/surefire/maven-surefire-plugin/xsd/surefire-test-report-3.0.xsd" version="3.0" name="org.healthtrack.healthtrackweb.UsuarioSeleniumTest" time="3.536" tests="1" errors="0" skipped="0" failures="0">
  <properties>
[...]
</properties>
  <testcase name="testActualizarPeso" classname="org.healthtrack.healthtrackweb.UsuarioSeleniumTest" time="1.849">
    <system-out><![CDATA[19:38:58.704 [main] INFO io.github.bonigarcia.wdm.WebDriverManager -- Using chromedriver 138.0.7204.49 (resolved driver for Chrome 138)
19:38:58.724 [main] INFO io.github.bonigarcia.wdm.WebDriverManager -- Exporting webdriver.chrome.driver as C:\Users\TheBa\.cache\selenium\chromedriver\win64\138.0.7204.49\chromedriver.exe
Peso inicial mostrado: 70.0 kg
Peso actualizado mostrado: 74.3 kg
]]></system-out>
    <system-err><![CDATA[Starting ChromeDriver 138.0.7204.49 (d2b48fd5f7813ed477a2d68fa232b8178fa4fb1e-refs/branch-heads/7204@{#1814}) on port 8315
Only local connections are allowed.
Please see https://chromedriver.chromium.org/security-considerations for suggestions on keeping ChromeDriver safe.
ChromeDriver was started successfully on port 8315.
jun 29, 2025 7:38:59 P. M. org.openqa.selenium.devtools.CdpVersionFinder findNearestMatch
WARNING: Unable to find CDP implementation matching 138
jun 29, 2025 7:38:59 P. M. org.openqa.selenium.chromium.ChromiumDriver lambda$new$3
WARNING: Unable to find version of CDP to use for . You may need to include a dependency on a specific version of the CDP using something similar to `org.seleniumhq.selenium:selenium-devtools-v86:4.8.3` where the version ("v86") matches the version of the chromium-based browser you're using and the version number of the artifact is the same as Selenium's.
]]></system-err>
  </testcase>
</testsuite>